Determining if the pthread_create exist failed with the following output:
Change Dir: /afs/andrew.cmu.edu/usr4/ymao1/Desktop/cmu-15462-assignment5-YuMao-RuiZhu/build/CMakeFiles/CMakeTmp

Run Build Command:/usr/bin/gmake "cmTryCompileExec4171925223/fast"
/usr/bin/gmake -f CMakeFiles/cmTryCompileExec4171925223.dir/build.make CMakeFiles/cmTryCompileExec4171925223.dir/build
gmake[1]: Entering directory `/afs/andrew.cmu.edu/usr4/ymao1/Desktop/cmu-15462-assignment5-YuMao-RuiZhu/build/CMakeFiles/CMakeTmp'
/usr/bin/cmake -E cmake_progress_report /afs/andrew.cmu.edu/usr4/ymao1/Desktop/cmu-15462-assignment5-YuMao-RuiZhu/build/CMakeFiles/CMakeTmp/CMakeFiles 1
Building C object CMakeFiles/cmTryCompileExec4171925223.dir/CheckSymbolExists.c.o
/usr/lib64/ccache/cc    -o CMakeFiles/cmTryCompileExec4171925223.dir/CheckSymbolExists.c.o   -c /afs/andrew.cmu.edu/usr4/ymao1/Desktop/cmu-15462-assignment5-YuMao-RuiZhu/build/CMakeFiles/CMakeTmp/CheckSymbolExists.c
Linking C executable cmTryCompileExec4171925223
/usr/bin/cmake -E cmake_link_script CMakeFiles/cmTryCompileExec4171925223.dir/link.txt --verbose=1
/usr/lib64/ccache/cc         CMakeFiles/cmTryCompileExec4171925223.dir/CheckSymbolExists.c.o  -o cmTryCompileExec4171925223 -rdynamic 
CMakeFiles/cmTryCompileExec4171925223.dir/CheckSymbolExists.c.o: In function `main':
CheckSymbolExists.c:(.text+0x16): undefined reference to `pthread_create'
collect2: error: ld returned 1 exit status
gmake[1]: *** [cmTryCompileExec4171925223] Error 1
gmake[1]: Leaving directory `/afs/andrew.cmu.edu/usr4/ymao1/Desktop/cmu-15462-assignment5-YuMao-RuiZhu/build/CMakeFiles/CMakeTmp'
gmake: *** [cmTryCompileExec4171925223/fast] Error 2

File /afs/andrew.cmu.edu/usr4/ymao1/Desktop/cmu-15462-assignment5-YuMao-RuiZhu/build/CMakeFiles/CMakeTmp/CheckSymbolExists.c:
/* */
#include <pthread.h>

int main(int argc, char** argv)
{
  (void)argv;
#ifndef pthread_create
  return ((int*)(&pthread_create))[argc];
#else
  (void)argc;
  return 0;
#endif
}

Determining if the function pthread_create exists in the pthreads failed with the following output:
Change Dir: /afs/andrew.cmu.edu/usr4/ymao1/Desktop/cmu-15462-assignment5-YuMao-RuiZhu/build/CMakeFiles/CMakeTmp

Run Build Command:/usr/bin/gmake "cmTryCompileExec2984459293/fast"
/usr/bin/gmake -f CMakeFiles/cmTryCompileExec2984459293.dir/build.make CMakeFiles/cmTryCompileExec2984459293.dir/build
gmake[1]: Entering directory `/afs/andrew.cmu.edu/usr4/ymao1/Desktop/cmu-15462-assignment5-YuMao-RuiZhu/build/CMakeFiles/CMakeTmp'
/usr/bin/cmake -E cmake_progress_report /afs/andrew.cmu.edu/usr4/ymao1/Desktop/cmu-15462-assignment5-YuMao-RuiZhu/build/CMakeFiles/CMakeTmp/CMakeFiles 1
Building C object CMakeFiles/cmTryCompileExec2984459293.dir/CheckFunctionExists.c.o
/usr/lib64/ccache/cc   -DCHECK_FUNCTION_EXISTS=pthread_create   -o CMakeFiles/cmTryCompileExec2984459293.dir/CheckFunctionExists.c.o   -c /usr/share/cmake/Modules/CheckFunctionExists.c
Linking C executable cmTryCompileExec2984459293
/usr/bin/cmake -E cmake_link_script CMakeFiles/cmTryCompileExec2984459293.dir/link.txt --verbose=1
/usr/lib64/ccache/cc     -DCHECK_FUNCTION_EXISTS=pthread_create    CMakeFiles/cmTryCompileExec2984459293.dir/CheckFunctionExists.c.o  -o cmTryCompileExec2984459293 -rdynamic -lpthreads 
/usr/bin/ld: cannot find -lpthreads
collect2: error: ld returned 1 exit status
gmake[1]: *** [cmTryCompileExec2984459293] Error 1
gmake[1]: Leaving directory `/afs/andrew.cmu.edu/usr4/ymao1/Desktop/cmu-15462-assignment5-YuMao-RuiZhu/build/CMakeFiles/CMakeTmp'
gmake: *** [cmTryCompileExec2984459293/fast] Error 2


Determining if the function glXGetProcAddressEXT exists failed with the following output:
Change Dir: /afs/andrew.cmu.edu/usr4/ymao1/Desktop/cmu-15462-assignment5-YuMao-RuiZhu/build/CMakeFiles/CMakeTmp

Run Build Command:/usr/bin/gmake "cmTryCompileExec2030545979/fast"
/usr/bin/gmake -f CMakeFiles/cmTryCompileExec2030545979.dir/build.make CMakeFiles/cmTryCompileExec2030545979.dir/build
gmake[1]: Entering directory `/afs/andrew.cmu.edu/usr4/ymao1/Desktop/cmu-15462-assignment5-YuMao-RuiZhu/build/CMakeFiles/CMakeTmp'
/usr/bin/cmake -E cmake_progress_report /afs/andrew.cmu.edu/usr4/ymao1/Desktop/cmu-15462-assignment5-YuMao-RuiZhu/build/CMakeFiles/CMakeTmp/CMakeFiles 1
Building C object CMakeFiles/cmTryCompileExec2030545979.dir/CheckFunctionExists.c.o
/usr/lib64/ccache/cc   -DCHECK_FUNCTION_EXISTS=glXGetProcAddressEXT   -o CMakeFiles/cmTryCompileExec2030545979.dir/CheckFunctionExists.c.o   -c /usr/share/cmake/Modules/CheckFunctionExists.c
Linking C executable cmTryCompileExec2030545979
/usr/bin/cmake -E cmake_link_script CMakeFiles/cmTryCompileExec2030545979.dir/link.txt --verbose=1
/usr/lib64/ccache/cc     -DCHECK_FUNCTION_EXISTS=glXGetProcAddressEXT    CMakeFiles/cmTryCompileExec2030545979.dir/CheckFunctionExists.c.o  -o cmTryCompileExec2030545979 -rdynamic -lGL 
CMakeFiles/cmTryCompileExec2030545979.dir/CheckFunctionExists.c.o: In function `main':
CheckFunctionExists.c:(.text+0x15): undefined reference to `glXGetProcAddressEXT'
collect2: error: ld returned 1 exit status
gmake[1]: *** [cmTryCompileExec2030545979] Error 1
gmake[1]: Leaving directory `/afs/andrew.cmu.edu/usr4/ymao1/Desktop/cmu-15462-assignment5-YuMao-RuiZhu/build/CMakeFiles/CMakeTmp'
gmake: *** [cmTryCompileExec2030545979/fast] Error 2


