The system is: Linux - 3.10.0-327.el7.x86_64 - x86_64
Compiling the C compiler identification source file "CMakeCCompilerId.c" succeeded.
Compiler: /usr/lib64/ccache/cc 
Build flags: 
Id flags: 

The output was:
0


Compilation of the C compiler identification source "CMakeCCompilerId.c" produced "a.out"

The C compiler identification is GNU, found in "/afs/andrew.cmu.edu/usr4/ymao1/Desktop/cmu-15462-assignment5-YuMao-RuiZhu/build/CMakeFiles/2.8.11/CompilerIdC/a.out"

Compiling the CXX compiler identification source file "CMakeCXXCompilerId.cpp" succeeded.
Compiler: /usr/lib64/ccache/c++ 
Build flags: 
Id flags: 

The output was:
0


Compilation of the CXX compiler identification source "CMakeCXXCompilerId.cpp" produced "a.out"

The CXX compiler identification is GNU, found in "/afs/andrew.cmu.edu/usr4/ymao1/Desktop/cmu-15462-assignment5-YuMao-RuiZhu/build/CMakeFiles/2.8.11/CompilerIdCXX/a.out"

Determining if the C compiler works passed with the following output:
Change Dir: /afs/andrew.cmu.edu/usr4/ymao1/Desktop/cmu-15462-assignment5-YuMao-RuiZhu/build/CMakeFiles/CMakeTmp

Run Build Command:/usr/bin/gmake "cmTryCompileExec1259199366/fast"
/usr/bin/gmake -f CMakeFiles/cmTryCompileExec1259199366.dir/build.make CMakeFiles/cmTryCompileExec1259199366.dir/build
gmake[1]: Entering directory `/afs/andrew.cmu.edu/usr4/ymao1/Desktop/cmu-15462-assignment5-YuMao-RuiZhu/build/CMakeFiles/CMakeTmp'
/usr/bin/cmake -E cmake_progress_report /afs/andrew.cmu.edu/usr4/ymao1/Desktop/cmu-15462-assignment5-YuMao-RuiZhu/build/CMakeFiles/CMakeTmp/CMakeFiles 1
Building C object CMakeFiles/cmTryCompileExec1259199366.dir/testCCompiler.c.o
/usr/lib64/ccache/cc    -o CMakeFiles/cmTryCompileExec1259199366.dir/testCCompiler.c.o   -c /afs/andrew.cmu.edu/usr4/ymao1/Desktop/cmu-15462-assignment5-YuMao-RuiZhu/build/CMakeFiles/CMakeTmp/testCCompiler.c
Linking C executable cmTryCompileExec1259199366
/usr/bin/cmake -E cmake_link_script CMakeFiles/cmTryCompileExec1259199366.dir/link.txt --verbose=1
/usr/lib64/ccache/cc         CMakeFiles/cmTryCompileExec1259199366.dir/testCCompiler.c.o  -o cmTryCompileExec1259199366 -rdynamic 
gmake[1]: Leaving directory `/afs/andrew.cmu.edu/usr4/ymao1/Desktop/cmu-15462-assignment5-YuMao-RuiZhu/build/CMakeFiles/CMakeTmp'


Detecting C compiler ABI info compiled with the following output:
Change Dir: /afs/andrew.cmu.edu/usr4/ymao1/Desktop/cmu-15462-assignment5-YuMao-RuiZhu/build/CMakeFiles/CMakeTmp

Run Build Command:/usr/bin/gmake "cmTryCompileExec2185618530/fast"
/usr/bin/gmake -f CMakeFiles/cmTryCompileExec2185618530.dir/build.make CMakeFiles/cmTryCompileExec2185618530.dir/build
gmake[1]: Entering directory `/afs/andrew.cmu.edu/usr4/ymao1/Desktop/cmu-15462-assignment5-YuMao-RuiZhu/build/CMakeFiles/CMakeTmp'
/usr/bin/cmake -E cmake_progress_report /afs/andrew.cmu.edu/usr4/ymao1/Desktop/cmu-15462-assignment5-YuMao-RuiZhu/build/CMakeFiles/CMakeTmp/CMakeFiles 1
Building C object CMakeFiles/cmTryCompileExec2185618530.dir/CMakeCCompilerABI.c.o
/usr/lib64/ccache/cc    -o CMakeFiles/cmTryCompileExec2185618530.dir/CMakeCCompilerABI.c.o   -c /usr/share/cmake/Modules/CMakeCCompilerABI.c
Linking C executable cmTryCompileExec2185618530
/usr/bin/cmake -E cmake_link_script CMakeFiles/cmTryCompileExec2185618530.dir/link.txt --verbose=1
/usr/lib64/ccache/cc       -v CMakeFiles/cmTryCompileExec2185618530.dir/CMakeCCompilerABI.c.o  -o cmTryCompileExec2185618530 -rdynamic  
Using built-in specs.
COLLECT_GCC=/usr/bin/cc
COLLECT_LTO_WRAPPER=/usr/libexec/gcc/x86_64-redhat-linux/4.8.5/lto-wrapper
Target: x86_64-redhat-linux
Configured with: ../configure --prefix=/usr --mandir=/usr/share/man --infodir=/usr/share/info --with-bugurl=http://bugzilla.redhat.com/bugzilla --enable-bootstrap --enable-shared --enable-threads=posix --enable-checking=release --with-system-zlib --enable-__cxa_atexit --disable-libunwind-exceptions --enable-gnu-unique-object --enable-linker-build-id --with-linker-hash-style=gnu --enable-languages=c,c++,objc,obj-c++,java,fortran,ada,go,lto --enable-plugin --enable-initfini-array --disable-libgcj --with-isl=/builddir/build/BUILD/gcc-4.8.5-20150702/obj-x86_64-redhat-linux/isl-install --with-cloog=/builddir/build/BUILD/gcc-4.8.5-20150702/obj-x86_64-redhat-linux/cloog-install --enable-gnu-indirect-function --with-tune=generic --with-arch_32=x86-64 --build=x86_64-redhat-linux
Thread model: posix
gcc version 4.8.5 20150623 (Red Hat 4.8.5-4) (GCC) 
COMPILER_PATH=/usr/libexec/gcc/x86_64-redhat-linux/4.8.5/:/usr/libexec/gcc/x86_64-redhat-linux/4.8.5/:/usr/libexec/gcc/x86_64-redhat-linux/:/usr/lib/gcc/x86_64-redhat-linux/4.8.5/:/usr/lib/gcc/x86_64-redhat-linux/
LIBRARY_PATH=/usr/lib/gcc/x86_64-redhat-linux/4.8.5/:/usr/lib/gcc/x86_64-redhat-linux/4.8.5/../../../../lib64/:/lib/../lib64/:/usr/lib/../lib64/:/usr/lib/gcc/x86_64-redhat-linux/4.8.5/../../../:/lib/:/usr/lib/
COLLECT_GCC_OPTIONS='-v' '-o' 'cmTryCompileExec2185618530' '-rdynamic' '-mtune=generic' '-march=x86-64'
 /usr/libexec/gcc/x86_64-redhat-linux/4.8.5/collect2 --build-id --no-add-needed --eh-frame-hdr --hash-style=gnu -m elf_x86_64 -export-dynamic -dynamic-linker /lib64/ld-linux-x86-64.so.2 -o cmTryCompileExec2185618530 /usr/lib/gcc/x86_64-redhat-linux/4.8.5/../../../../lib64/crt1.o /usr/lib/gcc/x86_64-redhat-linux/4.8.5/../../../../lib64/crti.o /usr/lib/gcc/x86_64-redhat-linux/4.8.5/crtbegin.o -L/usr/lib/gcc/x86_64-redhat-linux/4.8.5 -L/usr/lib/gcc/x86_64-redhat-linux/4.8.5/../../../../lib64 -L/lib/../lib64 -L/usr/lib/../lib64 -L/usr/lib/gcc/x86_64-redhat-linux/4.8.5/../../.. CMakeFiles/cmTryCompileExec2185618530.dir/CMakeCCompilerABI.c.o -lgcc --as-needed -lgcc_s --no-as-needed -lc -lgcc --as-needed -lgcc_s --no-as-needed /usr/lib/gcc/x86_64-redhat-linux/4.8.5/crtend.o /usr/lib/gcc/x86_64-redhat-linux/4.8.5/../../../../lib64/crtn.o
gmake[1]: Leaving directory `/afs/andrew.cmu.edu/usr4/ymao1/Desktop/cmu-15462-assignment5-YuMao-RuiZhu/build/CMakeFiles/CMakeTmp'


Parsed C implicit link information from above output:
  link line regex: [^( *|.*[/\])(ld|ld|collect2)[^/\]*( |$)]
  ignore line: [Change Dir: /afs/andrew.cmu.edu/usr4/ymao1/Desktop/cmu-15462-assignment5-YuMao-RuiZhu/build/CMakeFiles/CMakeTmp]
  ignore line: []
  ignore line: [Run Build Command:/usr/bin/gmake "cmTryCompileExec2185618530/fast"]
  ignore line: [/usr/bin/gmake -f CMakeFiles/cmTryCompileExec2185618530.dir/build.make CMakeFiles/cmTryCompileExec2185618530.dir/build]
  ignore line: [gmake[1]: Entering directory `/afs/andrew.cmu.edu/usr4/ymao1/Desktop/cmu-15462-assignment5-YuMao-RuiZhu/build/CMakeFiles/CMakeTmp']
  ignore line: [/usr/bin/cmake -E cmake_progress_report /afs/andrew.cmu.edu/usr4/ymao1/Desktop/cmu-15462-assignment5-YuMao-RuiZhu/build/CMakeFiles/CMakeTmp/CMakeFiles 1]
  ignore line: [Building C object CMakeFiles/cmTryCompileExec2185618530.dir/CMakeCCompilerABI.c.o]
  ignore line: [/usr/lib64/ccache/cc    -o CMakeFiles/cmTryCompileExec2185618530.dir/CMakeCCompilerABI.c.o   -c /usr/share/cmake/Modules/CMakeCCompilerABI.c]
  ignore line: [Linking C executable cmTryCompileExec2185618530]
  ignore line: [/usr/bin/cmake -E cmake_link_script CMakeFiles/cmTryCompileExec2185618530.dir/link.txt --verbose=1]
  ignore line: [/usr/lib64/ccache/cc       -v CMakeFiles/cmTryCompileExec2185618530.dir/CMakeCCompilerABI.c.o  -o cmTryCompileExec2185618530 -rdynamic  ]
  ignore line: [Using built-in specs.]
  ignore line: [COLLECT_GCC=/usr/bin/cc]
  ignore line: [COLLECT_LTO_WRAPPER=/usr/libexec/gcc/x86_64-redhat-linux/4.8.5/lto-wrapper]
  ignore line: [Target: x86_64-redhat-linux]
  ignore line: [Configured with: ../configure --prefix=/usr --mandir=/usr/share/man --infodir=/usr/share/info --with-bugurl=http://bugzilla.redhat.com/bugzilla --enable-bootstrap --enable-shared --enable-threads=posix --enable-checking=release --with-system-zlib --enable-__cxa_atexit --disable-libunwind-exceptions --enable-gnu-unique-object --enable-linker-build-id --with-linker-hash-style=gnu --enable-languages=c,c++,objc,obj-c++,java,fortran,ada,go,lto --enable-plugin --enable-initfini-array --disable-libgcj --with-isl=/builddir/build/BUILD/gcc-4.8.5-20150702/obj-x86_64-redhat-linux/isl-install --with-cloog=/builddir/build/BUILD/gcc-4.8.5-20150702/obj-x86_64-redhat-linux/cloog-install --enable-gnu-indirect-function --with-tune=generic --with-arch_32=x86-64 --build=x86_64-redhat-linux]
  ignore line: [Thread model: posix]
  ignore line: [gcc version 4.8.5 20150623 (Red Hat 4.8.5-4) (GCC) ]
  ignore line: [COMPILER_PATH=/usr/libexec/gcc/x86_64-redhat-linux/4.8.5/:/usr/libexec/gcc/x86_64-redhat-linux/4.8.5/:/usr/libexec/gcc/x86_64-redhat-linux/:/usr/lib/gcc/x86_64-redhat-linux/4.8.5/:/usr/lib/gcc/x86_64-redhat-linux/]
  ignore line: [LIBRARY_PATH=/usr/lib/gcc/x86_64-redhat-linux/4.8.5/:/usr/lib/gcc/x86_64-redhat-linux/4.8.5/../../../../lib64/:/lib/../lib64/:/usr/lib/../lib64/:/usr/lib/gcc/x86_64-redhat-linux/4.8.5/../../../:/lib/:/usr/lib/]
  ignore line: [COLLECT_GCC_OPTIONS='-v' '-o' 'cmTryCompileExec2185618530' '-rdynamic' '-mtune=generic' '-march=x86-64']
  link line: [ /usr/libexec/gcc/x86_64-redhat-linux/4.8.5/collect2 --build-id --no-add-needed --eh-frame-hdr --hash-style=gnu -m elf_x86_64 -export-dynamic -dynamic-linker /lib64/ld-linux-x86-64.so.2 -o cmTryCompileExec2185618530 /usr/lib/gcc/x86_64-redhat-linux/4.8.5/../../../../lib64/crt1.o /usr/lib/gcc/x86_64-redhat-linux/4.8.5/../../../../lib64/crti.o /usr/lib/gcc/x86_64-redhat-linux/4.8.5/crtbegin.o -L/usr/lib/gcc/x86_64-redhat-linux/4.8.5 -L/usr/lib/gcc/x86_64-redhat-linux/4.8.5/../../../../lib64 -L/lib/../lib64 -L/usr/lib/../lib64 -L/usr/lib/gcc/x86_64-redhat-linux/4.8.5/../../.. CMakeFiles/cmTryCompileExec2185618530.dir/CMakeCCompilerABI.c.o -lgcc --as-needed -lgcc_s --no-as-needed -lc -lgcc --as-needed -lgcc_s --no-as-needed /usr/lib/gcc/x86_64-redhat-linux/4.8.5/crtend.o /usr/lib/gcc/x86_64-redhat-linux/4.8.5/../../../../lib64/crtn.o]
    arg [/usr/libexec/gcc/x86_64-redhat-linux/4.8.5/collect2] ==> ignore
    arg [--build-id] ==> ignore
    arg [--no-add-needed] ==> ignore
    arg [--eh-frame-hdr] ==> ignore
    arg [--hash-style=gnu] ==> ignore
    arg [-m] ==> ignore
    arg [elf_x86_64] ==> ignore
    arg [-export-dynamic] ==> ignore
    arg [-dynamic-linker] ==> ignore
    arg [/lib64/ld-linux-x86-64.so.2] ==> ignore
    arg [-o] ==> ignore
    arg [cmTryCompileExec2185618530] ==> ignore
    arg [/usr/lib/gcc/x86_64-redhat-linux/4.8.5/../../../../lib64/crt1.o] ==> ignore
    arg [/usr/lib/gcc/x86_64-redhat-linux/4.8.5/../../../../lib64/crti.o] ==> ignore
    arg [/usr/lib/gcc/x86_64-redhat-linux/4.8.5/crtbegin.o] ==> ignore
    arg [-L/usr/lib/gcc/x86_64-redhat-linux/4.8.5] ==> dir [/usr/lib/gcc/x86_64-redhat-linux/4.8.5]
    arg [-L/usr/lib/gcc/x86_64-redhat-linux/4.8.5/../../../../lib64] ==> dir [/usr/lib/gcc/x86_64-redhat-linux/4.8.5/../../../../lib64]
    arg [-L/lib/../lib64] ==> dir [/lib/../lib64]
    arg [-L/usr/lib/../lib64] ==> dir [/usr/lib/../lib64]
    arg [-L/usr/lib/gcc/x86_64-redhat-linux/4.8.5/../../..] ==> dir [/usr/lib/gcc/x86_64-redhat-linux/4.8.5/../../..]
    arg [CMakeFiles/cmTryCompileExec2185618530.dir/CMakeCCompilerABI.c.o] ==> ignore
    arg [-lgcc] ==> lib [gcc]
    arg [--as-needed] ==> ignore
    arg [-lgcc_s] ==> lib [gcc_s]
    arg [--no-as-needed] ==> ignore
    arg [-lc] ==> lib [c]
    arg [-lgcc] ==> lib [gcc]
    arg [--as-needed] ==> ignore
    arg [-lgcc_s] ==> lib [gcc_s]
    arg [--no-as-needed] ==> ignore
    arg [/usr/lib/gcc/x86_64-redhat-linux/4.8.5/crtend.o] ==> ignore
    arg [/usr/lib/gcc/x86_64-redhat-linux/4.8.5/../../../../lib64/crtn.o] ==> ignore
  remove lib [gcc]
  remove lib [gcc_s]
  remove lib [gcc]
  remove lib [gcc_s]
  collapse library dir [/usr/lib/gcc/x86_64-redhat-linux/4.8.5] ==> [/usr/lib/gcc/x86_64-redhat-linux/4.8.5]
  collapse library dir [/usr/lib/gcc/x86_64-redhat-linux/4.8.5/../../../../lib64] ==> [/usr/lib64]
  collapse library dir [/lib/../lib64] ==> [/lib64]
  collapse library dir [/usr/lib/../lib64] ==> [/usr/lib64]
  collapse library dir [/usr/lib/gcc/x86_64-redhat-linux/4.8.5/../../..] ==> [/usr/lib]
  implicit libs: [c]
  implicit dirs: [/usr/lib/gcc/x86_64-redhat-linux/4.8.5;/usr/lib64;/lib64;/usr/lib]
  implicit fwks: []


Determining if the CXX compiler works passed with the following output:
Change Dir: /afs/andrew.cmu.edu/usr4/ymao1/Desktop/cmu-15462-assignment5-YuMao-RuiZhu/build/CMakeFiles/CMakeTmp

Run Build Command:/usr/bin/gmake "cmTryCompileExec632161472/fast"
/usr/bin/gmake -f CMakeFiles/cmTryCompileExec632161472.dir/build.make CMakeFiles/cmTryCompileExec632161472.dir/build
gmake[1]: Entering directory `/afs/andrew.cmu.edu/usr4/ymao1/Desktop/cmu-15462-assignment5-YuMao-RuiZhu/build/CMakeFiles/CMakeTmp'
/usr/bin/cmake -E cmake_progress_report /afs/andrew.cmu.edu/usr4/ymao1/Desktop/cmu-15462-assignment5-YuMao-RuiZhu/build/CMakeFiles/CMakeTmp/CMakeFiles 1
Building CXX object CMakeFiles/cmTryCompileExec632161472.dir/testCXXCompiler.cxx.o
/usr/lib64/ccache/c++     -o CMakeFiles/cmTryCompileExec632161472.dir/testCXXCompiler.cxx.o -c /afs/andrew.cmu.edu/usr4/ymao1/Desktop/cmu-15462-assignment5-YuMao-RuiZhu/build/CMakeFiles/CMakeTmp/testCXXCompiler.cxx
Linking CXX executable cmTryCompileExec632161472
/usr/bin/cmake -E cmake_link_script CMakeFiles/cmTryCompileExec632161472.dir/link.txt --verbose=1
/usr/lib64/ccache/c++          CMakeFiles/cmTryCompileExec632161472.dir/testCXXCompiler.cxx.o  -o cmTryCompileExec632161472 -rdynamic 
gmake[1]: Leaving directory `/afs/andrew.cmu.edu/usr4/ymao1/Desktop/cmu-15462-assignment5-YuMao-RuiZhu/build/CMakeFiles/CMakeTmp'


Detecting CXX compiler ABI info compiled with the following output:
Change Dir: /afs/andrew.cmu.edu/usr4/ymao1/Desktop/cmu-15462-assignment5-YuMao-RuiZhu/build/CMakeFiles/CMakeTmp

Run Build Command:/usr/bin/gmake "cmTryCompileExec2965660115/fast"
/usr/bin/gmake -f CMakeFiles/cmTryCompileExec2965660115.dir/build.make CMakeFiles/cmTryCompileExec2965660115.dir/build
gmake[1]: Entering directory `/afs/andrew.cmu.edu/usr4/ymao1/Desktop/cmu-15462-assignment5-YuMao-RuiZhu/build/CMakeFiles/CMakeTmp'
/usr/bin/cmake -E cmake_progress_report /afs/andrew.cmu.edu/usr4/ymao1/Desktop/cmu-15462-assignment5-YuMao-RuiZhu/build/CMakeFiles/CMakeTmp/CMakeFiles 1
Building CXX object CMakeFiles/cmTryCompileExec2965660115.dir/CMakeCXXCompilerABI.cpp.o
/usr/lib64/ccache/c++     -o CMakeFiles/cmTryCompileExec2965660115.dir/CMakeCXXCompilerABI.cpp.o -c /usr/share/cmake/Modules/CMakeCXXCompilerABI.cpp
Linking CXX executable cmTryCompileExec2965660115
/usr/bin/cmake -E cmake_link_script CMakeFiles/cmTryCompileExec2965660115.dir/link.txt --verbose=1
/usr/lib64/ccache/c++        -v CMakeFiles/cmTryCompileExec2965660115.dir/CMakeCXXCompilerABI.cpp.o  -o cmTryCompileExec2965660115 -rdynamic  
Using built-in specs.
COLLECT_GCC=/usr/bin/c++
COLLECT_LTO_WRAPPER=/usr/libexec/gcc/x86_64-redhat-linux/4.8.5/lto-wrapper
Target: x86_64-redhat-linux
Configured with: ../configure --prefix=/usr --mandir=/usr/share/man --infodir=/usr/share/info --with-bugurl=http://bugzilla.redhat.com/bugzilla --enable-bootstrap --enable-shared --enable-threads=posix --enable-checking=release --with-system-zlib --enable-__cxa_atexit --disable-libunwind-exceptions --enable-gnu-unique-object --enable-linker-build-id --with-linker-hash-style=gnu --enable-languages=c,c++,objc,obj-c++,java,fortran,ada,go,lto --enable-plugin --enable-initfini-array --disable-libgcj --with-isl=/builddir/build/BUILD/gcc-4.8.5-20150702/obj-x86_64-redhat-linux/isl-install --with-cloog=/builddir/build/BUILD/gcc-4.8.5-20150702/obj-x86_64-redhat-linux/cloog-install --enable-gnu-indirect-function --with-tune=generic --with-arch_32=x86-64 --build=x86_64-redhat-linux
Thread model: posix
gcc version 4.8.5 20150623 (Red Hat 4.8.5-4) (GCC) 
COMPILER_PATH=/usr/libexec/gcc/x86_64-redhat-linux/4.8.5/:/usr/libexec/gcc/x86_64-redhat-linux/4.8.5/:/usr/libexec/gcc/x86_64-redhat-linux/:/usr/lib/gcc/x86_64-redhat-linux/4.8.5/:/usr/lib/gcc/x86_64-redhat-linux/
LIBRARY_PATH=/usr/lib/gcc/x86_64-redhat-linux/4.8.5/:/usr/lib/gcc/x86_64-redhat-linux/4.8.5/../../../../lib64/:/lib/../lib64/:/usr/lib/../lib64/:/usr/lib/gcc/x86_64-redhat-linux/4.8.5/../../../:/lib/:/usr/lib/
COLLECT_GCC_OPTIONS='-v' '-o' 'cmTryCompileExec2965660115' '-rdynamic' '-shared-libgcc' '-mtune=generic' '-march=x86-64'
 /usr/libexec/gcc/x86_64-redhat-linux/4.8.5/collect2 --build-id --no-add-needed --eh-frame-hdr --hash-style=gnu -m elf_x86_64 -export-dynamic -dynamic-linker /lib64/ld-linux-x86-64.so.2 -o cmTryCompileExec2965660115 /usr/lib/gcc/x86_64-redhat-linux/4.8.5/../../../../lib64/crt1.o /usr/lib/gcc/x86_64-redhat-linux/4.8.5/../../../../lib64/crti.o /usr/lib/gcc/x86_64-redhat-linux/4.8.5/crtbegin.o -L/usr/lib/gcc/x86_64-redhat-linux/4.8.5 -L/usr/lib/gcc/x86_64-redhat-linux/4.8.5/../../../../lib64 -L/lib/../lib64 -L/usr/lib/../lib64 -L/usr/lib/gcc/x86_64-redhat-linux/4.8.5/../../.. CMakeFiles/cmTryCompileExec2965660115.dir/CMakeCXXCompilerABI.cpp.o -lstdc++ -lm -lgcc_s -lgcc -lc -lgcc_s -lgcc /usr/lib/gcc/x86_64-redhat-linux/4.8.5/crtend.o /usr/lib/gcc/x86_64-redhat-linux/4.8.5/../../../../lib64/crtn.o
gmake[1]: Leaving directory `/afs/andrew.cmu.edu/usr4/ymao1/Desktop/cmu-15462-assignment5-YuMao-RuiZhu/build/CMakeFiles/CMakeTmp'


Parsed CXX implicit link information from above output:
  link line regex: [^( *|.*[/\])(ld|ld|collect2)[^/\]*( |$)]
  ignore line: [Change Dir: /afs/andrew.cmu.edu/usr4/ymao1/Desktop/cmu-15462-assignment5-YuMao-RuiZhu/build/CMakeFiles/CMakeTmp]
  ignore line: []
  ignore line: [Run Build Command:/usr/bin/gmake "cmTryCompileExec2965660115/fast"]
  ignore line: [/usr/bin/gmake -f CMakeFiles/cmTryCompileExec2965660115.dir/build.make CMakeFiles/cmTryCompileExec2965660115.dir/build]
  ignore line: [gmake[1]: Entering directory `/afs/andrew.cmu.edu/usr4/ymao1/Desktop/cmu-15462-assignment5-YuMao-RuiZhu/build/CMakeFiles/CMakeTmp']
  ignore line: [/usr/bin/cmake -E cmake_progress_report /afs/andrew.cmu.edu/usr4/ymao1/Desktop/cmu-15462-assignment5-YuMao-RuiZhu/build/CMakeFiles/CMakeTmp/CMakeFiles 1]
  ignore line: [Building CXX object CMakeFiles/cmTryCompileExec2965660115.dir/CMakeCXXCompilerABI.cpp.o]
  ignore line: [/usr/lib64/ccache/c++     -o CMakeFiles/cmTryCompileExec2965660115.dir/CMakeCXXCompilerABI.cpp.o -c /usr/share/cmake/Modules/CMakeCXXCompilerABI.cpp]
  ignore line: [Linking CXX executable cmTryCompileExec2965660115]
  ignore line: [/usr/bin/cmake -E cmake_link_script CMakeFiles/cmTryCompileExec2965660115.dir/link.txt --verbose=1]
  ignore line: [/usr/lib64/ccache/c++        -v CMakeFiles/cmTryCompileExec2965660115.dir/CMakeCXXCompilerABI.cpp.o  -o cmTryCompileExec2965660115 -rdynamic  ]
  ignore line: [Using built-in specs.]
  ignore line: [COLLECT_GCC=/usr/bin/c++]
  ignore line: [COLLECT_LTO_WRAPPER=/usr/libexec/gcc/x86_64-redhat-linux/4.8.5/lto-wrapper]
  ignore line: [Target: x86_64-redhat-linux]
  ignore line: [Configured with: ../configure --prefix=/usr --mandir=/usr/share/man --infodir=/usr/share/info --with-bugurl=http://bugzilla.redhat.com/bugzilla --enable-bootstrap --enable-shared --enable-threads=posix --enable-checking=release --with-system-zlib --enable-__cxa_atexit --disable-libunwind-exceptions --enable-gnu-unique-object --enable-linker-build-id --with-linker-hash-style=gnu --enable-languages=c,c++,objc,obj-c++,java,fortran,ada,go,lto --enable-plugin --enable-initfini-array --disable-libgcj --with-isl=/builddir/build/BUILD/gcc-4.8.5-20150702/obj-x86_64-redhat-linux/isl-install --with-cloog=/builddir/build/BUILD/gcc-4.8.5-20150702/obj-x86_64-redhat-linux/cloog-install --enable-gnu-indirect-function --with-tune=generic --with-arch_32=x86-64 --build=x86_64-redhat-linux]
  ignore line: [Thread model: posix]
  ignore line: [gcc version 4.8.5 20150623 (Red Hat 4.8.5-4) (GCC) ]
  ignore line: [COMPILER_PATH=/usr/libexec/gcc/x86_64-redhat-linux/4.8.5/:/usr/libexec/gcc/x86_64-redhat-linux/4.8.5/:/usr/libexec/gcc/x86_64-redhat-linux/:/usr/lib/gcc/x86_64-redhat-linux/4.8.5/:/usr/lib/gcc/x86_64-redhat-linux/]
  ignore line: [LIBRARY_PATH=/usr/lib/gcc/x86_64-redhat-linux/4.8.5/:/usr/lib/gcc/x86_64-redhat-linux/4.8.5/../../../../lib64/:/lib/../lib64/:/usr/lib/../lib64/:/usr/lib/gcc/x86_64-redhat-linux/4.8.5/../../../:/lib/:/usr/lib/]
  ignore line: [COLLECT_GCC_OPTIONS='-v' '-o' 'cmTryCompileExec2965660115' '-rdynamic' '-shared-libgcc' '-mtune=generic' '-march=x86-64']
  link line: [ /usr/libexec/gcc/x86_64-redhat-linux/4.8.5/collect2 --build-id --no-add-needed --eh-frame-hdr --hash-style=gnu -m elf_x86_64 -export-dynamic -dynamic-linker /lib64/ld-linux-x86-64.so.2 -o cmTryCompileExec2965660115 /usr/lib/gcc/x86_64-redhat-linux/4.8.5/../../../../lib64/crt1.o /usr/lib/gcc/x86_64-redhat-linux/4.8.5/../../../../lib64/crti.o /usr/lib/gcc/x86_64-redhat-linux/4.8.5/crtbegin.o -L/usr/lib/gcc/x86_64-redhat-linux/4.8.5 -L/usr/lib/gcc/x86_64-redhat-linux/4.8.5/../../../../lib64 -L/lib/../lib64 -L/usr/lib/../lib64 -L/usr/lib/gcc/x86_64-redhat-linux/4.8.5/../../.. CMakeFiles/cmTryCompileExec2965660115.dir/CMakeCXXCompilerABI.cpp.o -lstdc++ -lm -lgcc_s -lgcc -lc -lgcc_s -lgcc /usr/lib/gcc/x86_64-redhat-linux/4.8.5/crtend.o /usr/lib/gcc/x86_64-redhat-linux/4.8.5/../../../../lib64/crtn.o]
    arg [/usr/libexec/gcc/x86_64-redhat-linux/4.8.5/collect2] ==> ignore
    arg [--build-id] ==> ignore
    arg [--no-add-needed] ==> ignore
    arg [--eh-frame-hdr] ==> ignore
    arg [--hash-style=gnu] ==> ignore
    arg [-m] ==> ignore
    arg [elf_x86_64] ==> ignore
    arg [-export-dynamic] ==> ignore
    arg [-dynamic-linker] ==> ignore
    arg [/lib64/ld-linux-x86-64.so.2] ==> ignore
    arg [-o] ==> ignore
    arg [cmTryCompileExec2965660115] ==> ignore
    arg [/usr/lib/gcc/x86_64-redhat-linux/4.8.5/../../../../lib64/crt1.o] ==> ignore
    arg [/usr/lib/gcc/x86_64-redhat-linux/4.8.5/../../../../lib64/crti.o] ==> ignore
    arg [/usr/lib/gcc/x86_64-redhat-linux/4.8.5/crtbegin.o] ==> ignore
    arg [-L/usr/lib/gcc/x86_64-redhat-linux/4.8.5] ==> dir [/usr/lib/gcc/x86_64-redhat-linux/4.8.5]
    arg [-L/usr/lib/gcc/x86_64-redhat-linux/4.8.5/../../../../lib64] ==> dir [/usr/lib/gcc/x86_64-redhat-linux/4.8.5/../../../../lib64]
    arg [-L/lib/../lib64] ==> dir [/lib/../lib64]
    arg [-L/usr/lib/../lib64] ==> dir [/usr/lib/../lib64]
    arg [-L/usr/lib/gcc/x86_64-redhat-linux/4.8.5/../../..] ==> dir [/usr/lib/gcc/x86_64-redhat-linux/4.8.5/../../..]
    arg [CMakeFiles/cmTryCompileExec2965660115.dir/CMakeCXXCompilerABI.cpp.o] ==> ignore
    arg [-lstdc++] ==> lib [stdc++]
    arg [-lm] ==> lib [m]
    arg [-lgcc_s] ==> lib [gcc_s]
    arg [-lgcc] ==> lib [gcc]
    arg [-lc] ==> lib [c]
    arg [-lgcc_s] ==> lib [gcc_s]
    arg [-lgcc] ==> lib [gcc]
    arg [/usr/lib/gcc/x86_64-redhat-linux/4.8.5/crtend.o] ==> ignore
    arg [/usr/lib/gcc/x86_64-redhat-linux/4.8.5/../../../../lib64/crtn.o] ==> ignore
  remove lib [gcc_s]
  remove lib [gcc]
  remove lib [gcc_s]
  remove lib [gcc]
  collapse library dir [/usr/lib/gcc/x86_64-redhat-linux/4.8.5] ==> [/usr/lib/gcc/x86_64-redhat-linux/4.8.5]
  collapse library dir [/usr/lib/gcc/x86_64-redhat-linux/4.8.5/../../../../lib64] ==> [/usr/lib64]
  collapse library dir [/lib/../lib64] ==> [/lib64]
  collapse library dir [/usr/lib/../lib64] ==> [/usr/lib64]
  collapse library dir [/usr/lib/gcc/x86_64-redhat-linux/4.8.5/../../..] ==> [/usr/lib]
  implicit libs: [stdc++;m;c]
  implicit dirs: [/usr/lib/gcc/x86_64-redhat-linux/4.8.5;/usr/lib64;/lib64;/usr/lib]
  implicit fwks: []


Determining if the function XOpenDisplay exists in the /usr/lib64/libX11.so;/usr/lib64/libXext.so passed with the following output:
Change Dir: /afs/andrew.cmu.edu/usr4/ymao1/Desktop/cmu-15462-assignment5-YuMao-RuiZhu/build/CMakeFiles/CMakeTmp

Run Build Command:/usr/bin/gmake "cmTryCompileExec1242576697/fast"
/usr/bin/gmake -f CMakeFiles/cmTryCompileExec1242576697.dir/build.make CMakeFiles/cmTryCompileExec1242576697.dir/build
gmake[1]: Entering directory `/afs/andrew.cmu.edu/usr4/ymao1/Desktop/cmu-15462-assignment5-YuMao-RuiZhu/build/CMakeFiles/CMakeTmp'
/usr/bin/cmake -E cmake_progress_report /afs/andrew.cmu.edu/usr4/ymao1/Desktop/cmu-15462-assignment5-YuMao-RuiZhu/build/CMakeFiles/CMakeTmp/CMakeFiles 1
Building C object CMakeFiles/cmTryCompileExec1242576697.dir/CheckFunctionExists.c.o
/usr/lib64/ccache/cc   -DCHECK_FUNCTION_EXISTS=XOpenDisplay   -o CMakeFiles/cmTryCompileExec1242576697.dir/CheckFunctionExists.c.o   -c /usr/share/cmake/Modules/CheckFunctionExists.c
Linking C executable cmTryCompileExec1242576697
/usr/bin/cmake -E cmake_link_script CMakeFiles/cmTryCompileExec1242576697.dir/link.txt --verbose=1
/usr/lib64/ccache/cc     -DCHECK_FUNCTION_EXISTS=XOpenDisplay    CMakeFiles/cmTryCompileExec1242576697.dir/CheckFunctionExists.c.o  -o cmTryCompileExec1242576697 -rdynamic -lX11 -lXext 
gmake[1]: Leaving directory `/afs/andrew.cmu.edu/usr4/ymao1/Desktop/cmu-15462-assignment5-YuMao-RuiZhu/build/CMakeFiles/CMakeTmp'


Determining if the function gethostbyname exists passed with the following output:
Change Dir: /afs/andrew.cmu.edu/usr4/ymao1/Desktop/cmu-15462-assignment5-YuMao-RuiZhu/build/CMakeFiles/CMakeTmp

Run Build Command:/usr/bin/gmake "cmTryCompileExec3522416680/fast"
/usr/bin/gmake -f CMakeFiles/cmTryCompileExec3522416680.dir/build.make CMakeFiles/cmTryCompileExec3522416680.dir/build
gmake[1]: Entering directory `/afs/andrew.cmu.edu/usr4/ymao1/Desktop/cmu-15462-assignment5-YuMao-RuiZhu/build/CMakeFiles/CMakeTmp'
/usr/bin/cmake -E cmake_progress_report /afs/andrew.cmu.edu/usr4/ymao1/Desktop/cmu-15462-assignment5-YuMao-RuiZhu/build/CMakeFiles/CMakeTmp/CMakeFiles 1
Building C object CMakeFiles/cmTryCompileExec3522416680.dir/CheckFunctionExists.c.o
/usr/lib64/ccache/cc   -DCHECK_FUNCTION_EXISTS=gethostbyname   -o CMakeFiles/cmTryCompileExec3522416680.dir/CheckFunctionExists.c.o   -c /usr/share/cmake/Modules/CheckFunctionExists.c
Linking C executable cmTryCompileExec3522416680
/usr/bin/cmake -E cmake_link_script CMakeFiles/cmTryCompileExec3522416680.dir/link.txt --verbose=1
/usr/lib64/ccache/cc     -DCHECK_FUNCTION_EXISTS=gethostbyname    CMakeFiles/cmTryCompileExec3522416680.dir/CheckFunctionExists.c.o  -o cmTryCompileExec3522416680 -rdynamic 
gmake[1]: Leaving directory `/afs/andrew.cmu.edu/usr4/ymao1/Desktop/cmu-15462-assignment5-YuMao-RuiZhu/build/CMakeFiles/CMakeTmp'


Determining if the function connect exists passed with the following output:
Change Dir: /afs/andrew.cmu.edu/usr4/ymao1/Desktop/cmu-15462-assignment5-YuMao-RuiZhu/build/CMakeFiles/CMakeTmp

Run Build Command:/usr/bin/gmake "cmTryCompileExec3320537203/fast"
/usr/bin/gmake -f CMakeFiles/cmTryCompileExec3320537203.dir/build.make CMakeFiles/cmTryCompileExec3320537203.dir/build
gmake[1]: Entering directory `/afs/andrew.cmu.edu/usr4/ymao1/Desktop/cmu-15462-assignment5-YuMao-RuiZhu/build/CMakeFiles/CMakeTmp'
/usr/bin/cmake -E cmake_progress_report /afs/andrew.cmu.edu/usr4/ymao1/Desktop/cmu-15462-assignment5-YuMao-RuiZhu/build/CMakeFiles/CMakeTmp/CMakeFiles 1
Building C object CMakeFiles/cmTryCompileExec3320537203.dir/CheckFunctionExists.c.o
/usr/lib64/ccache/cc   -DCHECK_FUNCTION_EXISTS=connect   -o CMakeFiles/cmTryCompileExec3320537203.dir/CheckFunctionExists.c.o   -c /usr/share/cmake/Modules/CheckFunctionExists.c
Linking C executable cmTryCompileExec3320537203
/usr/bin/cmake -E cmake_link_script CMakeFiles/cmTryCompileExec3320537203.dir/link.txt --verbose=1
/usr/lib64/ccache/cc     -DCHECK_FUNCTION_EXISTS=connect    CMakeFiles/cmTryCompileExec3320537203.dir/CheckFunctionExists.c.o  -o cmTryCompileExec3320537203 -rdynamic 
gmake[1]: Leaving directory `/afs/andrew.cmu.edu/usr4/ymao1/Desktop/cmu-15462-assignment5-YuMao-RuiZhu/build/CMakeFiles/CMakeTmp'


Determining if the function remove exists passed with the following output:
Change Dir: /afs/andrew.cmu.edu/usr4/ymao1/Desktop/cmu-15462-assignment5-YuMao-RuiZhu/build/CMakeFiles/CMakeTmp

Run Build Command:/usr/bin/gmake "cmTryCompileExec2304306171/fast"
/usr/bin/gmake -f CMakeFiles/cmTryCompileExec2304306171.dir/build.make CMakeFiles/cmTryCompileExec2304306171.dir/build
gmake[1]: Entering directory `/afs/andrew.cmu.edu/usr4/ymao1/Desktop/cmu-15462-assignment5-YuMao-RuiZhu/build/CMakeFiles/CMakeTmp'
/usr/bin/cmake -E cmake_progress_report /afs/andrew.cmu.edu/usr4/ymao1/Desktop/cmu-15462-assignment5-YuMao-RuiZhu/build/CMakeFiles/CMakeTmp/CMakeFiles 1
Building C object CMakeFiles/cmTryCompileExec2304306171.dir/CheckFunctionExists.c.o
/usr/lib64/ccache/cc   -DCHECK_FUNCTION_EXISTS=remove   -o CMakeFiles/cmTryCompileExec2304306171.dir/CheckFunctionExists.c.o   -c /usr/share/cmake/Modules/CheckFunctionExists.c
Linking C executable cmTryCompileExec2304306171
/usr/bin/cmake -E cmake_link_script CMakeFiles/cmTryCompileExec2304306171.dir/link.txt --verbose=1
/usr/lib64/ccache/cc     -DCHECK_FUNCTION_EXISTS=remove    CMakeFiles/cmTryCompileExec2304306171.dir/CheckFunctionExists.c.o  -o cmTryCompileExec2304306171 -rdynamic 
gmake[1]: Leaving directory `/afs/andrew.cmu.edu/usr4/ymao1/Desktop/cmu-15462-assignment5-YuMao-RuiZhu/build/CMakeFiles/CMakeTmp'


Determining if the function shmat exists passed with the following output:
Change Dir: /afs/andrew.cmu.edu/usr4/ymao1/Desktop/cmu-15462-assignment5-YuMao-RuiZhu/build/CMakeFiles/CMakeTmp

Run Build Command:/usr/bin/gmake "cmTryCompileExec1222239418/fast"
/usr/bin/gmake -f CMakeFiles/cmTryCompileExec1222239418.dir/build.make CMakeFiles/cmTryCompileExec1222239418.dir/build
gmake[1]: Entering directory `/afs/andrew.cmu.edu/usr4/ymao1/Desktop/cmu-15462-assignment5-YuMao-RuiZhu/build/CMakeFiles/CMakeTmp'
/usr/bin/cmake -E cmake_progress_report /afs/andrew.cmu.edu/usr4/ymao1/Desktop/cmu-15462-assignment5-YuMao-RuiZhu/build/CMakeFiles/CMakeTmp/CMakeFiles 1
Building C object CMakeFiles/cmTryCompileExec1222239418.dir/CheckFunctionExists.c.o
/usr/lib64/ccache/cc   -DCHECK_FUNCTION_EXISTS=shmat   -o CMakeFiles/cmTryCompileExec1222239418.dir/CheckFunctionExists.c.o   -c /usr/share/cmake/Modules/CheckFunctionExists.c
Linking C executable cmTryCompileExec1222239418
/usr/bin/cmake -E cmake_link_script CMakeFiles/cmTryCompileExec1222239418.dir/link.txt --verbose=1
/usr/lib64/ccache/cc     -DCHECK_FUNCTION_EXISTS=shmat    CMakeFiles/cmTryCompileExec1222239418.dir/CheckFunctionExists.c.o  -o cmTryCompileExec1222239418 -rdynamic 
gmake[1]: Leaving directory `/afs/andrew.cmu.edu/usr4/ymao1/Desktop/cmu-15462-assignment5-YuMao-RuiZhu/build/CMakeFiles/CMakeTmp'


Determining if the function IceConnectionNumber exists in the ICE passed with the following output:
Change Dir: /afs/andrew.cmu.edu/usr4/ymao1/Desktop/cmu-15462-assignment5-YuMao-RuiZhu/build/CMakeFiles/CMakeTmp

Run Build Command:/usr/bin/gmake "cmTryCompileExec2473530531/fast"
/usr/bin/gmake -f CMakeFiles/cmTryCompileExec2473530531.dir/build.make CMakeFiles/cmTryCompileExec2473530531.dir/build
gmake[1]: Entering directory `/afs/andrew.cmu.edu/usr4/ymao1/Desktop/cmu-15462-assignment5-YuMao-RuiZhu/build/CMakeFiles/CMakeTmp'
/usr/bin/cmake -E cmake_progress_report /afs/andrew.cmu.edu/usr4/ymao1/Desktop/cmu-15462-assignment5-YuMao-RuiZhu/build/CMakeFiles/CMakeTmp/CMakeFiles 1
Building C object CMakeFiles/cmTryCompileExec2473530531.dir/CheckFunctionExists.c.o
/usr/lib64/ccache/cc   -DCHECK_FUNCTION_EXISTS=IceConnectionNumber   -o CMakeFiles/cmTryCompileExec2473530531.dir/CheckFunctionExists.c.o   -c /usr/share/cmake/Modules/CheckFunctionExists.c
Linking C executable cmTryCompileExec2473530531
/usr/bin/cmake -E cmake_link_script CMakeFiles/cmTryCompileExec2473530531.dir/link.txt --verbose=1
/usr/lib64/ccache/cc     -DCHECK_FUNCTION_EXISTS=IceConnectionNumber    CMakeFiles/cmTryCompileExec2473530531.dir/CheckFunctionExists.c.o  -o cmTryCompileExec2473530531 -rdynamic -lICE 
gmake[1]: Leaving directory `/afs/andrew.cmu.edu/usr4/ymao1/Desktop/cmu-15462-assignment5-YuMao-RuiZhu/build/CMakeFiles/CMakeTmp'


Determining if files pthread.h exist passed with the following output:
Change Dir: /afs/andrew.cmu.edu/usr4/ymao1/Desktop/cmu-15462-assignment5-YuMao-RuiZhu/build/CMakeFiles/CMakeTmp

Run Build Command:/usr/bin/gmake "cmTryCompileExec3570856289/fast"
/usr/bin/gmake -f CMakeFiles/cmTryCompileExec3570856289.dir/build.make CMakeFiles/cmTryCompileExec3570856289.dir/build
gmake[1]: Entering directory `/afs/andrew.cmu.edu/usr4/ymao1/Desktop/cmu-15462-assignment5-YuMao-RuiZhu/build/CMakeFiles/CMakeTmp'
/usr/bin/cmake -E cmake_progress_report /afs/andrew.cmu.edu/usr4/ymao1/Desktop/cmu-15462-assignment5-YuMao-RuiZhu/build/CMakeFiles/CMakeTmp/CMakeFiles 1
Building C object CMakeFiles/cmTryCompileExec3570856289.dir/CheckIncludeFiles.c.o
/usr/lib64/ccache/cc    -o CMakeFiles/cmTryCompileExec3570856289.dir/CheckIncludeFiles.c.o   -c /afs/andrew.cmu.edu/usr4/ymao1/Desktop/cmu-15462-assignment5-YuMao-RuiZhu/build/CMakeFiles/CMakeTmp/CheckIncludeFiles.c
Linking C executable cmTryCompileExec3570856289
/usr/bin/cmake -E cmake_link_script CMakeFiles/cmTryCompileExec3570856289.dir/link.txt --verbose=1
/usr/lib64/ccache/cc         CMakeFiles/cmTryCompileExec3570856289.dir/CheckIncludeFiles.c.o  -o cmTryCompileExec3570856289 -rdynamic 
gmake[1]: Leaving directory `/afs/andrew.cmu.edu/usr4/ymao1/Desktop/cmu-15462-assignment5-YuMao-RuiZhu/build/CMakeFiles/CMakeTmp'


Determining if the function pthread_create exists in the pthread passed with the following output:
Change Dir: /afs/andrew.cmu.edu/usr4/ymao1/Desktop/cmu-15462-assignment5-YuMao-RuiZhu/build/CMakeFiles/CMakeTmp

Run Build Command:/usr/bin/gmake "cmTryCompileExec707079955/fast"
/usr/bin/gmake -f CMakeFiles/cmTryCompileExec707079955.dir/build.make CMakeFiles/cmTryCompileExec707079955.dir/build
gmake[1]: Entering directory `/afs/andrew.cmu.edu/usr4/ymao1/Desktop/cmu-15462-assignment5-YuMao-RuiZhu/build/CMakeFiles/CMakeTmp'
/usr/bin/cmake -E cmake_progress_report /afs/andrew.cmu.edu/usr4/ymao1/Desktop/cmu-15462-assignment5-YuMao-RuiZhu/build/CMakeFiles/CMakeTmp/CMakeFiles 1
Building C object CMakeFiles/cmTryCompileExec707079955.dir/CheckFunctionExists.c.o
/usr/lib64/ccache/cc   -DCHECK_FUNCTION_EXISTS=pthread_create   -o CMakeFiles/cmTryCompileExec707079955.dir/CheckFunctionExists.c.o   -c /usr/share/cmake/Modules/CheckFunctionExists.c
Linking C executable cmTryCompileExec707079955
/usr/bin/cmake -E cmake_link_script CMakeFiles/cmTryCompileExec707079955.dir/link.txt --verbose=1
/usr/lib64/ccache/cc     -DCHECK_FUNCTION_EXISTS=pthread_create    CMakeFiles/cmTryCompileExec707079955.dir/CheckFunctionExists.c.o  -o cmTryCompileExec707079955 -rdynamic -lpthread 
gmake[1]: Leaving directory `/afs/andrew.cmu.edu/usr4/ymao1/Desktop/cmu-15462-assignment5-YuMao-RuiZhu/build/CMakeFiles/CMakeTmp'


Determining if the function glXGetProcAddress exists passed with the following output:
Change Dir: /afs/andrew.cmu.edu/usr4/ymao1/Desktop/cmu-15462-assignment5-YuMao-RuiZhu/build/CMakeFiles/CMakeTmp

Run Build Command:/usr/bin/gmake "cmTryCompileExec1769915856/fast"
/usr/bin/gmake -f CMakeFiles/cmTryCompileExec1769915856.dir/build.make CMakeFiles/cmTryCompileExec1769915856.dir/build
gmake[1]: Entering directory `/afs/andrew.cmu.edu/usr4/ymao1/Desktop/cmu-15462-assignment5-YuMao-RuiZhu/build/CMakeFiles/CMakeTmp'
/usr/bin/cmake -E cmake_progress_report /afs/andrew.cmu.edu/usr4/ymao1/Desktop/cmu-15462-assignment5-YuMao-RuiZhu/build/CMakeFiles/CMakeTmp/CMakeFiles 1
Building C object CMakeFiles/cmTryCompileExec1769915856.dir/CheckFunctionExists.c.o
/usr/lib64/ccache/cc   -DCHECK_FUNCTION_EXISTS=glXGetProcAddress   -o CMakeFiles/cmTryCompileExec1769915856.dir/CheckFunctionExists.c.o   -c /usr/share/cmake/Modules/CheckFunctionExists.c
Linking C executable cmTryCompileExec1769915856
/usr/bin/cmake -E cmake_link_script CMakeFiles/cmTryCompileExec1769915856.dir/link.txt --verbose=1
/usr/lib64/ccache/cc     -DCHECK_FUNCTION_EXISTS=glXGetProcAddress    CMakeFiles/cmTryCompileExec1769915856.dir/CheckFunctionExists.c.o  -o cmTryCompileExec1769915856 -rdynamic -lGL 
gmake[1]: Leaving directory `/afs/andrew.cmu.edu/usr4/ymao1/Desktop/cmu-15462-assignment5-YuMao-RuiZhu/build/CMakeFiles/CMakeTmp'


Determining if the function glXGetProcAddressARB exists passed with the following output:
Change Dir: /afs/andrew.cmu.edu/usr4/ymao1/Desktop/cmu-15462-assignment5-YuMao-RuiZhu/build/CMakeFiles/CMakeTmp

Run Build Command:/usr/bin/gmake "cmTryCompileExec708005313/fast"
/usr/bin/gmake -f CMakeFiles/cmTryCompileExec708005313.dir/build.make CMakeFiles/cmTryCompileExec708005313.dir/build
gmake[1]: Entering directory `/afs/andrew.cmu.edu/usr4/ymao1/Desktop/cmu-15462-assignment5-YuMao-RuiZhu/build/CMakeFiles/CMakeTmp'
/usr/bin/cmake -E cmake_progress_report /afs/andrew.cmu.edu/usr4/ymao1/Desktop/cmu-15462-assignment5-YuMao-RuiZhu/build/CMakeFiles/CMakeTmp/CMakeFiles 1
Building C object CMakeFiles/cmTryCompileExec708005313.dir/CheckFunctionExists.c.o
/usr/lib64/ccache/cc   -DCHECK_FUNCTION_EXISTS=glXGetProcAddressARB   -o CMakeFiles/cmTryCompileExec708005313.dir/CheckFunctionExists.c.o   -c /usr/share/cmake/Modules/CheckFunctionExists.c
Linking C executable cmTryCompileExec708005313
/usr/bin/cmake -E cmake_link_script CMakeFiles/cmTryCompileExec708005313.dir/link.txt --verbose=1
/usr/lib64/ccache/cc     -DCHECK_FUNCTION_EXISTS=glXGetProcAddressARB    CMakeFiles/cmTryCompileExec708005313.dir/CheckFunctionExists.c.o  -o cmTryCompileExec708005313 -rdynamic -lGL 
gmake[1]: Leaving directory `/afs/andrew.cmu.edu/usr4/ymao1/Desktop/cmu-15462-assignment5-YuMao-RuiZhu/build/CMakeFiles/CMakeTmp'


